Build started 10/7/2014 10:51:23 PM.
     1>Project "Z:\Win7Files\Documents\GitHub\Optim-Project2\gorwal2a\gorwal2a\gorwal2a.vcxproj" on node 2 (build target(s)).
     1>InitializeBuildStatus:
         Touching "Debug\gorwal2a.unsuccessfulbuild".
       ClCompile:
         C:\Program Files (x86)\Microsoft Visual Studio 10.0\VC\bin\CL.exe /c /ZI /nologo /W3 /WX- /Od /Oy- /D WIN32 /D _DEBUG /D _CONSOLE /D _UNICODE /D UNICODE /Gm /EHsc /RTC1 /MDd /GS /fp:precise /Zc:wchar_t /Zc:forScope /Fo"Debug\\" /Fd"Debug\vc100.pdb" /Gd /TP /analyze- /errorReport:prompt deck.cpp main.cpp
         main.cpp
     1>z:\win7files\documents\github\optim-project2\gorwal2a\gorwal2a\main.cpp(9): error C2065: 'deck' : undeclared identifier
     1>z:\win7files\documents\github\optim-project2\gorwal2a\gorwal2a\main.cpp(9): error C2146: syntax error : missing ';' before identifier 'test'
     1>z:\win7files\documents\github\optim-project2\gorwal2a\gorwal2a\main.cpp(9): error C2065: 'test' : undeclared identifier
     1>z:\win7files\documents\github\optim-project2\gorwal2a\gorwal2a\main.cpp(11): error C2065: 'test' : undeclared identifier
         deck.cpp
     1>z:\win7files\documents\github\optim-project2\gorwal2a\gorwal2a\deck.h(13): error C2065: 'card' : undeclared identifier
     1>z:\win7files\documents\github\optim-project2\gorwal2a\gorwal2a\deck.cpp(12): error C2440: 'initializing' : cannot convert from 'node *const ' to 'node<T> *'
                 with
                 [
                     T=card
                 ]
                 Types pointed to are unrelated; conversion requires reinterpret_cast, C-style cast or function-style cast
     1>z:\win7files\documents\github\optim-project2\gorwal2a\gorwal2a\deck.cpp(50): error C2440: '=' : cannot convert from 'node<T> *' to 'node *'
                 with
                 [
                     T=card
                 ]
                 Types pointed to are unrelated; conversion requires reinterpret_cast, C-style cast or function-style cast
     1>z:\win7files\documents\github\optim-project2\gorwal2a\gorwal2a\deck.cpp(52): error C2440: '=' : cannot convert from 'node<T> *' to 'node<T> *'
                 with
                 [
                     T=card
                 ]
                 Types pointed to are unrelated; conversion requires reinterpret_cast, C-style cast or function-style cast
     1>z:\win7files\documents\github\optim-project2\gorwal2a\gorwal2a\deck.cpp(53): error C2440: '=' : cannot convert from 'node<T> *' to 'node *'
                 with
                 [
                     T=card
                 ]
                 Types pointed to are unrelated; conversion requires reinterpret_cast, C-style cast or function-style cast
         Generating Code...
     1>Done Building Project "Z:\Win7Files\Documents\GitHub\Optim-Project2\gorwal2a\gorwal2a\gorwal2a.vcxproj" (build target(s)) -- FAILED.

Build FAILED.

Time Elapsed 00:00:03.31
